app/build/intermediates/manifest_merge_blame_file/debug/manifest-merger-blame-debug-report.txt
1<?xml version="1.0" encoding="utf-8"?>
2<manifest xmlns:android="http://schemas.android.com/apk/res/android"
3    package="com.example.pgroupea03_android"
4    android:versionCode="1"
5    android:versionName="1.0" >
6
7    <uses-sdk
8        android:minSdkVersion="19"
8-->src\main\AndroidManifest.xml
9        android:targetSdkVersion="31" />
9-->src\main\AndroidManifest.xml
10
11    <uses-feature android:name="android.hardware.camera.any" />
11-->src\main\AndroidManifest.xml:5:5-64
11-->src\main\AndroidManifest.xml:5:19-61
12
13    <uses-permission android:name="android.permission.CAMERA" />
13-->src\main\AndroidManifest.xml:7:5-65
13-->src\main\AndroidManifest.xml:7:22-62
14    <uses-permission android:name="android.permission.INTERNET" />
14-->src\main\AndroidManifest.xml:8:5-67
14-->src\main\AndroidManifest.xml:8:22-64
15
16    <!-- Don't require camera, as this requires a rear camera. This allows it to work on the Nexus 7 -->
17    <uses-feature
17-->[com.journeyapps:zxing-android-embedded:3.4.0] AndroidManifest.xml:24:5-26:36
18        android:name="android.hardware.camera"
18-->[com.journeyapps:zxing-android-embedded:3.4.0] AndroidManifest.xml:25:9-47
19        android:required="false" />
19-->[com.journeyapps:zxing-android-embedded:3.4.0] AndroidManifest.xml:26:9-33
20    <uses-feature
20-->[com.journeyapps:zxing-android-embedded:3.4.0] AndroidManifest.xml:27:5-29:36
21        android:name="android.hardware.camera.front"
21-->[com.journeyapps:zxing-android-embedded:3.4.0] AndroidManifest.xml:28:9-53
22        android:required="false" /> <!-- TODO replace above two with next line after Android 4.2 -->
22-->[com.journeyapps:zxing-android-embedded:3.4.0] AndroidManifest.xml:29:9-33
23    <!-- <uses-feature android:name="android.hardware.camera.any"/> -->
24    <uses-feature
24-->[com.journeyapps:zxing-android-embedded:3.4.0] AndroidManifest.xml:32:5-34:36
25        android:name="android.hardware.camera.autofocus"
25-->[com.journeyapps:zxing-android-embedded:3.4.0] AndroidManifest.xml:33:9-57
26        android:required="false" />
26-->[com.journeyapps:zxing-android-embedded:3.4.0] AndroidManifest.xml:34:9-33
27    <uses-feature
27-->[com.journeyapps:zxing-android-embedded:3.4.0] AndroidManifest.xml:35:5-37:36
28        android:name="android.hardware.camera.flash"
28-->[com.journeyapps:zxing-android-embedded:3.4.0] AndroidManifest.xml:36:9-53
29        android:required="false" />
29-->[com.journeyapps:zxing-android-embedded:3.4.0] AndroidManifest.xml:37:9-33
30    <uses-feature
30-->[com.journeyapps:zxing-android-embedded:3.4.0] AndroidManifest.xml:38:5-40:36
31        android:name="android.hardware.screen.landscape"
31-->[com.journeyapps:zxing-android-embedded:3.4.0] AndroidManifest.xml:39:9-57
32        android:required="false" />
32-->[com.journeyapps:zxing-android-embedded:3.4.0] AndroidManifest.xml:40:9-33
33    <uses-feature
33-->[com.journeyapps:zxing-android-embedded:3.4.0] AndroidManifest.xml:41:5-43:36
34        android:name="android.hardware.wifi"
34-->[com.journeyapps:zxing-android-embedded:3.4.0] AndroidManifest.xml:42:9-45
35        android:required="false" />
35-->[com.journeyapps:zxing-android-embedded:3.4.0] AndroidManifest.xml:43:9-33
36
37    <application
37-->src\main\AndroidManifest.xml:10:5-47:19
38        android:allowBackup="true"
38-->src\main\AndroidManifest.xml:11:9-35
39        android:appComponentFactory="androidx.core.app.CoreComponentFactory"
39-->[androidx.core:core:1.7.0] AndroidManifest.xml:24:18-86
40        android:debuggable="true"
41        android:icon="@mipmap/ic_launcher"
41-->src\main\AndroidManifest.xml:12:9-43
42        android:label="@string/app_name"
42-->src\main\AndroidManifest.xml:13:9-41
43        android:roundIcon="@drawable/ic_launcher_background"
43-->src\main\AndroidManifest.xml:14:9-61
44        android:supportsRtl="true"
44-->src\main\AndroidManifest.xml:15:9-35
45        android:testOnly="true"
46        android:theme="@style/Theme.PGroupeA03_android"
46-->src\main\AndroidManifest.xml:16:9-56
47        android:usesCleartextTraffic="true" >
47-->src\main\AndroidManifest.xml:17:9-44
48        <activity
48-->src\main\AndroidManifest.xml:18:9-20:40
49            android:name="com.example.pgroupea03_android.TeacherActivity"
49-->src\main\AndroidManifest.xml:19:13-44
50            android:exported="false" />
50-->src\main\AndroidManifest.xml:20:13-37
51        <activity
51-->src\main\AndroidManifest.xml:21:9-23:40
52            android:name="com.example.pgroupea03_android.InterrogationActivity"
52-->src\main\AndroidManifest.xml:22:13-50
53            android:exported="false" />
53-->src\main\AndroidManifest.xml:23:13-37
54        <activity
54-->src\main\AndroidManifest.xml:24:9-26:40
55            android:name="com.example.pgroupea03_android.LoginStudentActivity"
55-->src\main\AndroidManifest.xml:25:13-49
56            android:exported="false" />
56-->src\main\AndroidManifest.xml:26:13-37
57        <activity
57-->src\main\AndroidManifest.xml:27:9-29:40
58            android:name="com.example.pgroupea03_android.TeacherListActivity"
58-->src\main\AndroidManifest.xml:28:13-48
59            android:exported="false" />
59-->src\main\AndroidManifest.xml:29:13-37
60        <activity
60-->src\main\AndroidManifest.xml:30:9-32:39
61            android:name="com.example.pgroupea03_android.LoginTeacherActivity"
61-->src\main\AndroidManifest.xml:31:13-49
62            android:exported="true" />
62-->src\main\AndroidManifest.xml:32:13-36
63        <activity
63-->src\main\AndroidManifest.xml:33:9-41:20
64            android:name="com.example.pgroupea03_android.MainActivity"
64-->src\main\AndroidManifest.xml:34:13-41
65            android:exported="true" >
65-->src\main\AndroidManifest.xml:35:13-36
66            <intent-filter>
66-->src\main\AndroidManifest.xml:36:13-40:29
67                <action android:name="android.intent.action.MAIN" />
67-->src\main\AndroidManifest.xml:37:17-69
67-->src\main\AndroidManifest.xml:37:25-66
68
69                <category android:name="android.intent.category.LAUNCHER" />
69-->src\main\AndroidManifest.xml:39:17-77
69-->src\main\AndroidManifest.xml:39:27-74
70            </intent-filter>
71        </activity>
72        <activity
72-->src\main\AndroidManifest.xml:42:9-46:63
73            android:name="com.example.pgroupea03_android.CaptureAct"
73-->src\main\AndroidManifest.xml:43:13-39
74            android:screenOrientation="fullSensor"
74-->src\main\AndroidManifest.xml:44:13-51
75            android:stateNotNeeded="true"
75-->src\main\AndroidManifest.xml:45:13-42
76            android:windowSoftInputMode="stateAlwaysHidden" />
76-->src\main\AndroidManifest.xml:46:13-60
77        <activity
77-->[com.journeyapps:zxing-android-embedded:3.4.0] AndroidManifest.xml:46:9-52:63
78            android:name="com.journeyapps.barcodescanner.CaptureActivity"
78-->[com.journeyapps:zxing-android-embedded:3.4.0] AndroidManifest.xml:47:13-74
79            android:clearTaskOnLaunch="true"
79-->[com.journeyapps:zxing-android-embedded:3.4.0] AndroidManifest.xml:48:13-45
80            android:screenOrientation="sensorLandscape"
80-->[com.journeyapps:zxing-android-embedded:3.4.0] AndroidManifest.xml:49:13-56
81            android:stateNotNeeded="true"
81-->[com.journeyapps:zxing-android-embedded:3.4.0] AndroidManifest.xml:50:13-42
82            android:theme="@style/zxing_CaptureTheme"
82-->[com.journeyapps:zxing-android-embedded:3.4.0] AndroidManifest.xml:51:13-54
83            android:windowSoftInputMode="stateAlwaysHidden" />
83-->[com.journeyapps:zxing-android-embedded:3.4.0] AndroidManifest.xml:52:13-60
84
85        <provider
85-->[androidx.emoji2:emoji2:1.0.0] AndroidManifest.xml:26:9-34:20
86            android:name="androidx.startup.InitializationProvider"
86-->[androidx.emoji2:emoji2:1.0.0] AndroidManifest.xml:27:13-67
87            android:authorities="com.example.pgroupea03_android.androidx-startup"
87-->[androidx.emoji2:emoji2:1.0.0] AndroidManifest.xml:28:13-68
88            android:exported="false" >
88-->[androidx.emoji2:emoji2:1.0.0] AndroidManifest.xml:29:13-37
89            <meta-data
89-->[androidx.emoji2:emoji2:1.0.0] AndroidManifest.xml:31:13-33:52
90                android:name="androidx.emoji2.text.EmojiCompatInitializer"
90-->[androidx.emoji2:emoji2:1.0.0] AndroidManifest.xml:32:17-75
91                android:value="androidx.startup" />
91-->[androidx.emoji2:emoji2:1.0.0] AndroidManifest.xml:33:17-49
92            <meta-data
92-->[androidx.lifecycle:lifecycle-process:2.4.0] AndroidManifest.xml:31:13-33:52
93                android:name="androidx.lifecycle.ProcessLifecycleInitializer"
93-->[androidx.lifecycle:lifecycle-process:2.4.0] AndroidManifest.xml:32:17-78
94                android:value="androidx.startup" />
94-->[androidx.lifecycle:lifecycle-process:2.4.0] AndroidManifest.xml:33:17-49
95        </provider>
96    </application>
97
98</manifest>